This is pdfTeX, Version 3.14159265-2.6-1.40.15 (MiKTeX 2.9 64-bit) (preloaded format=pdflatex 2016.1.20)  20 JAN 2016 17:40
entering extended mode
**EDFA.tex
(EDFA.tex
LaTeX2e <2014/05/01>
Babel <3.9l> and hyphenation patterns for 68 languages loaded.
(C:\MiKTeX\tex\latex\base\report.cls
Document Class: report 2014/09/29 v1.4h Standard LaTeX document class
(C:\MiKTeX\tex\latex\base\size12.clo
File: size12.clo 2014/09/29 v1.4h Standard LaTeX file (size option)
)
\c@part=\count79
\c@chapter=\count80
\c@section=\count81
\c@subsection=\count82
\c@subsubsection=\count83
\c@paragraph=\count84
\c@subparagraph=\count85
\c@figure=\count86
\c@table=\count87
\abovecaptionskip=\skip41
\belowcaptionskip=\skip42
\bibindent=\dimen102
)
(C:\MiKTeX\tex\latex\graphics\graphicx.sty
Package: graphicx 2014/10/28 v1.0g Enhanced LaTeX Graphics (DPC,SPQR)

(C:\MiKTeX\tex\latex\graphics\keyval.sty
Package: keyval 2014/10/28 v1.15 key=value parser (DPC)
\KV@toks@=\toks14
)
(C:\MiKTeX\tex\latex\graphics\graphics.sty
Package: graphics 2014/10/28 v1.0p Standard LaTeX Graphics (DPC,SPQR)

(C:\MiKTeX\tex\latex\graphics\trig.sty
Package: trig 1999/03/16 v1.09 sin cos tan (DPC)
)
(C:\MiKTeX\tex\latex\00miktex\graphics.cfg
File: graphics.cfg 2007/01/18 v1.5 graphics configuration of teTeX/TeXLive
)
Package graphics Info: Driver file: pdftex.def on input line 91.

(C:\MiKTeX\tex\latex\pdftex-def\pdftex.def
File: pdftex.def 2011/05/27 v0.06d Graphics/color for pdfTeX

(C:\MiKTeX\tex\generic\oberdiek\infwarerr.sty
Package: infwarerr 2010/04/08 v1.3 Providing info/warning/error messages (HO)
)
(C:\MiKTeX\tex\generic\oberdiek\ltxcmds.sty
Package: ltxcmds 2011/11/09 v1.22 LaTeX kernel commands for general use (HO)
)
\Gread@gobject=\count88
))
\Gin@req@height=\dimen103
\Gin@req@width=\dimen104
)
(C:\MiKTeX\tex\latex\amsmath\amsmath.sty
Package: amsmath 2013/01/14 v2.14 AMS math features
\@mathmargin=\skip43

For additional information on amsmath, use the `?' option.
(C:\MiKTeX\tex\latex\amsmath\amstext.sty
Package: amstext 2000/06/29 v2.01

(C:\MiKTeX\tex\latex\amsmath\amsgen.sty
File: amsgen.sty 1999/11/30 v2.0
\@emptytoks=\toks15
\ex@=\dimen105
))
(C:\MiKTeX\tex\latex\amsmath\amsbsy.sty
Package: amsbsy 1999/11/29 v1.2d
\pmbraise@=\dimen106
)
(C:\MiKTeX\tex\latex\amsmath\amsopn.sty
Package: amsopn 1999/12/14 v2.01 operator names
)
\inf@bad=\count89
LaTeX Info: Redefining \frac on input line 210.
\uproot@=\count90
\leftroot@=\count91
LaTeX Info: Redefining \overline on input line 306.
\classnum@=\count92
\DOTSCASE@=\count93
LaTeX Info: Redefining \ldots on input line 378.
LaTeX Info: Redefining \dots on input line 381.
LaTeX Info: Redefining \cdots on input line 466.
\Mathstrutbox@=\box26
\strutbox@=\box27
\big@size=\dimen107
LaTeX Font Info:    Redeclaring font encoding OML on input line 566.
LaTeX Font Info:    Redeclaring font encoding OMS on input line 567.
\macc@depth=\count94
\c@MaxMatrixCols=\count95
\dotsspace@=\muskip10
\c@parentequation=\count96
\dspbrk@lvl=\count97
\tag@help=\toks16
\row@=\count98
\column@=\count99
\maxfields@=\count100
\andhelp@=\toks17
\eqnshift@=\dimen108
\alignsep@=\dimen109
\tagshift@=\dimen110
\tagwidth@=\dimen111
\totwidth@=\dimen112
\lineht@=\dimen113
\@envbody=\toks18
\multlinegap=\skip44
\multlinetaggap=\skip45
\mathdisplay@stack=\toks19
LaTeX Info: Redefining \[ on input line 2665.
LaTeX Info: Redefining \] on input line 2666.
)
(C:\MiKTeX\tex\latex\amscls\amsthm.sty
Package: amsthm 2009/07/02 v2.20.1
\thm@style=\toks20
\thm@bodyfont=\toks21
\thm@headfont=\toks22
\thm@notefont=\toks23
\thm@headpunct=\toks24
\thm@preskip=\skip46
\thm@postskip=\skip47
\thm@headsep=\skip48
\dth@everypar=\toks25
)
(C:\MiKTeX\tex\latex\amsfonts\amsfonts.sty
Package: amsfonts 2013/01/14 v3.01 Basic AMSFonts support
\symAMSa=\mathgroup4
\symAMSb=\mathgroup5
LaTeX Font Info:    Overwriting math alphabet `\mathfrak' in version `bold'
(Font)                  U/euf/m/n --> U/euf/b/n on input line 106.
)
(C:\MiKTeX\tex\latex\tools\longtable.sty
Package: longtable 2014/10/28 v4.11 Multi-page Table package (DPC)
\LTleft=\skip49
\LTright=\skip50
\LTpre=\skip51
\LTpost=\skip52
\LTchunksize=\count101
\LTcapwidth=\dimen114
\LT@head=\box28
\LT@firsthead=\box29
\LT@foot=\box30
\LT@lastfoot=\box31
\LT@cols=\count102
\LT@rows=\count103
\c@LT@tables=\count104
\c@LT@chunks=\count105
\LT@p@ftn=\toks26
) (EDFA.aux)
LaTeX Font Info:    Checking defaults for OML/cmm/m/it on input line 7.
LaTeX Font Info:    ... okay on input line 7.
LaTeX Font Info:    Checking defaults for T1/cmr/m/n on input line 7.
LaTeX Font Info:    ... okay on input line 7.
LaTeX Font Info:    Checking defaults for OT1/cmr/m/n on input line 7.
LaTeX Font Info:    ... okay on input line 7.
LaTeX Font Info:    Checking defaults for OMS/cmsy/m/n on input line 7.
LaTeX Font Info:    ... okay on input line 7.
LaTeX Font Info:    Checking defaults for OMX/cmex/m/n on input line 7.
LaTeX Font Info:    ... okay on input line 7.
LaTeX Font Info:    Checking defaults for U/cmr/m/n on input line 7.
LaTeX Font Info:    ... okay on input line 7.

(C:\MiKTeX\tex\context\base\supp-pdf.mkii
[Loading MPS to PDF converter (version 2006.09.02).]
\scratchcounter=\count106
\scratchdimen=\dimen115
\scratchbox=\box32
\nofMPsegments=\count107
\nofMParguments=\count108
\everyMPshowfont=\toks27
\MPscratchCnt=\count109
\MPscratchDim=\dimen116
\MPnumerator=\count110
\makeMPintoPDFobject=\count111
\everyMPtoPDFconversion=\toks28
)
LaTeX Font Info:    Try loading font information for U+msa on input line 10.
 (C:\MiKTeX\tex\latex\amsfonts\umsa.fd
File: umsa.fd 2013/01/14 v3.01 AMS symbols A
)
LaTeX Font Info:    Try loading font information for U+msb on input line 10.
 (C:\MiKTeX\tex\latex\amsfonts\umsb.fd
File: umsb.fd 2013/01/14 v3.01 AMS symbols B
) [1

{C:/Users/Caio/AppData/Local/MiKTeX/2.9/pdftex/config/pdftex.map}]
Missing character: There is no ´ in font cmtt12!
Missing character: There is no ´ in font cmtt12!
Missing character: There is no ´ in font cmtt12!

Overfull \hbox (17.5502pt too wide) in paragraph at lines 63--63
[]                                                       \OT1/cmtt/m/n/12 ..`..
`..`..[] 
 []

Missing character: There is no Ó in font cmtt12!

Overfull \hbox (42.25021pt too wide) in paragraph at lines 63--63
[]       \OT1/cmtt/m/n/12 [1] Freitas, M. , "Amplificadores ticos a Fibra sob u
m Ambiente[] 
 []

Missing character: There is no â in font cmtt12!

Overfull \hbox (42.25021pt too wide) in paragraph at lines 63--63
[]       \OT1/cmtt/m/n/12 [2] P. C. Becker, N.A. Olsson, and J. R. Simpson. "Er
bium-Doped[] 
 []


Overfull \hbox (36.07521pt too wide) in paragraph at lines 63--63
[]           \OT1/cmtt/m/n/12 Fiber Amplifiers: Fundamentals and Technology". O
ptics and[] 
 []


Overfull \hbox (23.7252pt too wide) in paragraph at lines 63--63
[]       \OT1/cmtt/m/n/12 [3] C. Randy Giles, and E. Desurvire. "Modeling Erbiu
m-Doped[] 
 []


Overfull \hbox (23.7252pt too wide) in paragraph at lines 63--63
[]           \OT1/cmtt/m/n/12 Fiber Amplifiers". IEEE Journal of Lightwave Tech
nology,[] 
 []


Overfull \hbox (36.07521pt too wide) in paragraph at lines 63--63
[]       \OT1/cmtt/m/n/12 [4] C. R. Giles, C.A. Burrus, D.J. DiGiovanni, N.K. D
utta, and[] 
 []


Overfull \hbox (17.5502pt too wide) in paragraph at lines 63--63
[]           \OT1/cmtt/m/n/12 G. Raybon. "Characterization of Erbium-Doped Fibe
rs and[] 
 []


Overfull \hbox (60.77522pt too wide) in paragraph at lines 63--63
[]           \OT1/cmtt/m/n/12 Application to Modeling 980 nm and 1480 nm Pumped
 Amplifiers".[] 
 []


Overfull \hbox (60.77522pt too wide) in paragraph at lines 63--63
[]           \OT1/cmtt/m/n/12 IEEE Photonics Technology Letters, Volume 3, No. 
4, Apr. 1991,[] 
 []


Overfull \hbox (42.25021pt too wide) in paragraph at lines 63--63
[]    \OT1/cmtt/m/n/12 This file is part of ONDA, the Optical Network Design an
d Analysis[] 
 []


Overfull \hbox (5.2002pt too wide) in paragraph at lines 63--63
[]    \OT1/cmtt/m/n/12 Copyright (C) 2015  LabTel - Laboratorio de Telecomunica
coes[] 
 []


Overfull \hbox (5.2002pt too wide) in paragraph at lines 63--63
[]                   \OT1/cmtt/m/n/12 Federal University of Espirito Santo - Br
azil[] 
 []


Overfull \hbox (5.2002pt too wide) in paragraph at lines 63--63
[]                                   \OT1/cmtt/m/n/12 http://www.labtel.ele.ufe
s.br[] 
 []


Overfull \hbox (5.2002pt too wide) in paragraph at lines 63--63
[]                                             \OT1/cmtt/m/n/12 segatto@ele.ufe
s.br[] 
 []


Overfull \hbox (5.2002pt too wide) in paragraph at lines 63--63
[]    \OT1/cmtt/m/n/12 ONDA is free software; you can redistribute it and/or mo
dify[] 
 []


Overfull \hbox (54.60022pt too wide) in paragraph at lines 63--63
[]    \OT1/cmtt/m/n/12 it under the terms of the GNU General Public License as 
published by[] 
 []


Overfull \hbox (36.07521pt too wide) in paragraph at lines 63--63
[]    \OT1/cmtt/m/n/12 the Free Software Foundation; either version 3 of the Li
cense, or[] 
 []

[1]
Overfull \hbox (17.5502pt too wide) in paragraph at lines 63--63
[]    \OT1/cmtt/m/n/12 but WITHOUT ANY WARRANTY; without even the implied warra
nty of[] 
 []


Overfull \hbox (11.3752pt too wide) in paragraph at lines 63--63
[]    \OT1/cmtt/m/n/12 MERCHANTABILITY or FITNESS FOR A PARTICULAR PURPOSE.  Se
e the[] 
 []


Overfull \hbox (36.07521pt too wide) in paragraph at lines 63--63
[]    \OT1/cmtt/m/n/12 You should have received a copy of the GNU General Publi
c License[] 
 []


Overfull \hbox (60.77522pt too wide) in paragraph at lines 63--63
[]    \OT1/cmtt/m/n/12 along with this program.  If not, see <http://www.gnu.or
g/licenses/>.[] 
 []

[2] (EDFA.aux) ) 
Here is how much of TeX's memory you used:
 1960 strings out of 493698
 23342 string characters out of 3151695
 88981 words of memory out of 3000000
 5297 multiletter control sequences out of 15000+200000
 7005 words of font info for 28 fonts, out of 3000000 for 9000
 1025 hyphenation exceptions out of 8191
 27i,6n,24p,236b,244s stack positions out of 5000i,500n,10000p,200000b,50000s
<C:/MiKTeX/fonts/type1/public/amsfonts/cm/cmr12.pfb><C:/MiKTeX/
fonts/type1/public/amsfonts/cm/cmr17.pfb><C:/MiKTeX/fonts/type1/public/amsfonts
/cm/cmtt12.pfb>
Output written on EDFA.pdf (3 pages, 38363 bytes).
PDF statistics:
 24 PDF objects out of 1000 (max. 8388607)
 0 named destinations out of 1000 (max. 500000)
 1 words of extra memory for PDF output out of 10000 (max. 10000000)

